<?xml version="1.0" encoding="UTF-8"?>
<testng-results ignored="0" total="2" passed="2" failed="0" skipped="0">
  <reporter-output>
  </reporter-output>
  <suite started-at="2022-07-14T14:09:50 IST" name="Opencart Test Suite" finished-at="2022-07-14T14:10:01 IST" duration-ms="11041">
    <groups>
      <group name="regression">
        <method signature="Tc_001_AccountRegistrationPage.test_account_Registration()[pri:0, instance:testCases.Tc_001_AccountRegistrationPage@52bf72b5]" name="test_account_Registration" class="testCases.Tc_001_AccountRegistrationPage"/>
      </group> <!-- regression -->
      <group name="sanity">
        <method signature="Tc_002_Login.test_login()[pri:0, instance:testCases.Tc_002_Login@16293aa2]" name="test_login" class="testCases.Tc_002_Login"/>
      </group> <!-- sanity -->
      <group name="master">
        <method signature="Tc_001_AccountRegistrationPage.test_account_Registration()[pri:0, instance:testCases.Tc_001_AccountRegistrationPage@52bf72b5]" name="test_account_Registration" class="testCases.Tc_001_AccountRegistrationPage"/>
        <method signature="Tc_002_Login.test_login()[pri:0, instance:testCases.Tc_002_Login@16293aa2]" name="test_login" class="testCases.Tc_002_Login"/>
      </group> <!-- master -->
    </groups>
    <test started-at="2022-07-14T14:09:50 IST" name="Opencart Tests" finished-at="2022-07-14T14:10:01 IST" duration-ms="11041">
      <class name="testCases.Tc_002_Login">
        <test-method is-config="true" signature="setUp(java.lang.String)[pri:0, instance:testCases.Tc_002_Login@16293aa2]" started-at="2022-07-14T14:09:57 IST" name="setUp" finished-at="2022-07-14T14:09:58 IST" duration-ms="1124" status="PASS">
          <params>
            <param index="0">
              <value>
                <![CDATA[chrome]]>
              </value>
            </param>
          </params>
          <reporter-output>
          </reporter-output>
        </test-method> <!-- setUp -->
        <test-method signature="test_login()[pri:0, instance:testCases.Tc_002_Login@16293aa2]" started-at="2022-07-14T14:09:58 IST" name="test_login" finished-at="2022-07-14T14:10:01 IST" duration-ms="2848" status="PASS">
          <reporter-output>
          </reporter-output>
        </test-method> <!-- test_login -->
        <test-method is-config="true" signature="tearDown()[pri:0, instance:testCases.Tc_002_Login@16293aa2]" started-at="2022-07-14T14:10:01 IST" name="tearDown" finished-at="2022-07-14T14:10:01 IST" duration-ms="329" status="PASS">
          <reporter-output>
          </reporter-output>
        </test-method> <!-- tearDown -->
      </class> <!-- testCases.Tc_002_Login -->
      <class name="testCases.Tc_001_AccountRegistrationPage">
        <test-method is-config="true" signature="setUp(java.lang.String)[pri:0, instance:testCases.Tc_001_AccountRegistrationPage@52bf72b5]" started-at="2022-07-14T14:09:50 IST" name="setUp" finished-at="2022-07-14T14:09:53 IST" duration-ms="2531" status="PASS">
          <params>
            <param index="0">
              <value>
                <![CDATA[chrome]]>
              </value>
            </param>
          </params>
          <reporter-output>
          </reporter-output>
        </test-method> <!-- setUp -->
        <test-method signature="test_account_Registration()[pri:0, instance:testCases.Tc_001_AccountRegistrationPage@52bf72b5]" started-at="2022-07-14T14:09:53 IST" name="test_account_Registration" finished-at="2022-07-14T14:09:56 IST" duration-ms="3540" status="PASS">
          <reporter-output>
          </reporter-output>
        </test-method> <!-- test_account_Registration -->
        <test-method is-config="true" signature="tearDown()[pri:0, instance:testCases.Tc_001_AccountRegistrationPage@52bf72b5]" started-at="2022-07-14T14:09:57 IST" name="tearDown" finished-at="2022-07-14T14:09:57 IST" duration-ms="323" status="PASS">
          <reporter-output>
          </reporter-output>
        </test-method> <!-- tearDown -->
      </class> <!-- testCases.Tc_001_AccountRegistrationPage -->
    </test> <!-- Opencart Tests -->
  </suite> <!-- Opencart Test Suite -->
</testng-results>
