<?xml version="1.0" encoding="UTF-8"?>
<testng-results ignored="0" total="2" passed="2" failed="0" skipped="0">
  <reporter-output>
  </reporter-output>
  <suite started-at="2022-07-14T13:17:18 IST" name="Opencart Test Suite" finished-at="2022-07-14T13:17:29 IST" duration-ms="10990">
    <groups>
      <group name="regression">
        <method signature="Tc_001_AccountRegistrationPage.test_account_Registration()[pri:0, instance:testCases.Tc_001_AccountRegistrationPage@618b19ad]" name="test_account_Registration" class="testCases.Tc_001_AccountRegistrationPage"/>
      </group> <!-- regression -->
      <group name="sanity">
        <method signature="Tc_002_Login.test_login()[pri:0, instance:testCases.Tc_002_Login@13c9d689]" name="test_login" class="testCases.Tc_002_Login"/>
      </group> <!-- sanity -->
      <group name="master">
        <method signature="Tc_001_AccountRegistrationPage.test_account_Registration()[pri:0, instance:testCases.Tc_001_AccountRegistrationPage@618b19ad]" name="test_account_Registration" class="testCases.Tc_001_AccountRegistrationPage"/>
        <method signature="Tc_002_Login.test_login()[pri:0, instance:testCases.Tc_002_Login@13c9d689]" name="test_login" class="testCases.Tc_002_Login"/>
      </group> <!-- master -->
    </groups>
    <test started-at="2022-07-14T13:17:18 IST" name="Opencart Tests" finished-at="2022-07-14T13:17:29 IST" duration-ms="10990">
      <class name="testCases.Tc_002_Login">
        <test-method is-config="true" signature="setUp(java.lang.String)[pri:0, instance:testCases.Tc_002_Login@13c9d689]" started-at="2022-07-14T13:17:25 IST" name="setUp" finished-at="2022-07-14T13:17:26 IST" duration-ms="978" status="PASS">
          <params>
            <param index="0">
              <value>
                <![CDATA[chrome]]>
              </value>
            </param>
          </params>
          <reporter-output>
          </reporter-output>
        </test-method> <!-- setUp -->
        <test-method signature="test_login()[pri:0, instance:testCases.Tc_002_Login@13c9d689]" started-at="2022-07-14T13:17:26 IST" name="test_login" finished-at="2022-07-14T13:17:28 IST" duration-ms="1884" status="PASS">
          <reporter-output>
          </reporter-output>
        </test-method> <!-- test_login -->
        <test-method is-config="true" signature="tearDown()[pri:0, instance:testCases.Tc_002_Login@13c9d689]" started-at="2022-07-14T13:17:28 IST" name="tearDown" finished-at="2022-07-14T13:17:29 IST" duration-ms="534" status="PASS">
          <reporter-output>
          </reporter-output>
        </test-method> <!-- tearDown -->
      </class> <!-- testCases.Tc_002_Login -->
      <class name="testCases.Tc_001_AccountRegistrationPage">
        <test-method is-config="true" signature="setUp(java.lang.String)[pri:0, instance:testCases.Tc_001_AccountRegistrationPage@618b19ad]" started-at="2022-07-14T13:17:18 IST" name="setUp" finished-at="2022-07-14T13:17:22 IST" duration-ms="3660" status="PASS">
          <params>
            <param index="0">
              <value>
                <![CDATA[chrome]]>
              </value>
            </param>
          </params>
          <reporter-output>
          </reporter-output>
        </test-method> <!-- setUp -->
        <test-method signature="test_account_Registration()[pri:0, instance:testCases.Tc_001_AccountRegistrationPage@618b19ad]" started-at="2022-07-14T13:17:22 IST" name="test_account_Registration" finished-at="2022-07-14T13:17:25 IST" duration-ms="3047" status="PASS">
          <reporter-output>
          </reporter-output>
        </test-method> <!-- test_account_Registration -->
        <test-method is-config="true" signature="tearDown()[pri:0, instance:testCases.Tc_001_AccountRegistrationPage@618b19ad]" started-at="2022-07-14T13:17:25 IST" name="tearDown" finished-at="2022-07-14T13:17:25 IST" duration-ms="466" status="PASS">
          <reporter-output>
          </reporter-output>
        </test-method> <!-- tearDown -->
      </class> <!-- testCases.Tc_001_AccountRegistrationPage -->
    </test> <!-- Opencart Tests -->
  </suite> <!-- Opencart Test Suite -->
</testng-results>
